Base path: '/Users/mingming/Desktop/2019.3.10f1/Unity.app/Contents', plugins path '/Users/mingming/Desktop/2019.3.10f1/PlaybackEngines'
Cmd: initializeCompiler
Cmd: compileSnippet
  api=14 type=0 insize=16577 outsize=10165 kw=_SUNDISK_SIMPLE pd=UNITY_ENABLE_REFLECTION_BUFFERS UNITY_USE_DITHER_MASK_FOR_ALPHABLENDED_SHADOWS UNITY_PBS_USE_BRDF1 UNITY_SPECCUBE_BOX_PROJECTION UNITY_SPECCUBE_BLENDING UNITY_ENABLE_DETAIL_NORMALMAP SHADER_API_DESKTOP UNITY_COLORSPACE_GAMMA UNITY_LIGHT_PROBE_PROXY_VOLUME UNITY_LIGHTMAP_FULL_HDR ok=1
Cmd: compileSnippet
  api=14 type=0 insize=1302 outsize=2957 kw=UNITY_PASS_SHADOWCASTER SHADOWS_DEPTH pd=UNITY_ENABLE_REFLECTION_BUFFERS UNITY_USE_DITHER_MASK_FOR_ALPHABLENDED_SHADOWS UNITY_PBS_USE_BRDF1 UNITY_SPECCUBE_BOX_PROJECTION UNITY_SPECCUBE_BLENDING UNITY_ENABLE_DETAIL_NORMALMAP SHADER_API_DESKTOP UNITY_COLORSPACE_GAMMA UNITY_LIGHT_PROBE_PROXY_VOLUME UNITY_LIGHTMAP_FULL_HDR ok=1
Cmd: compileSnippet
  api=14 type=1 insize=11846 outsize=11918 kw=SHADOWS_SPLIT_SPHERES pd=UNITY_ENABLE_REFLECTION_BUFFERS UNITY_USE_DITHER_MASK_FOR_ALPHABLENDED_SHADOWS UNITY_PBS_USE_BRDF1 UNITY_SPECCUBE_BOX_PROJECTION UNITY_SPECCUBE_BLENDING UNITY_ENABLE_DETAIL_NORMALMAP SHADER_API_DESKTOP UNITY_COLORSPACE_GAMMA UNITY_LIGHT_PROBE_PROXY_VOLUME UNITY_LIGHTMAP_FULL_HDR ok=1
Cmd: compileSnippet
  api=14 type=1 insize=17531 outsize=7101 kw=UNITY_PASS_FORWARDBASE DIRECTIONAL SHADOWS_SCREEN LIGHTPROBE_SH pd=UNITY_ENABLE_REFLECTION_BUFFERS UNITY_USE_DITHER_MASK_FOR_ALPHABLENDED_SHADOWS UNITY_PBS_USE_BRDF1 UNITY_SPECCUBE_BOX_PROJECTION UNITY_SPECCUBE_BLENDING UNITY_ENABLE_DETAIL_NORMALMAP SHADER_API_DESKTOP UNITY_COLORSPACE_GAMMA UNITY_LIGHT_PROBE_PROXY_VOLUME UNITY_LIGHTMAP_FULL_HDR ok=1
Cmd: compileSnippet
  api=14 type=0 insize=583 outsize=2952 kw=UNITY_PASS_FORWARDBASE DIRECTIONAL SHADOWS_SCREEN LIGHTPROBE_SH pd=UNITY_ENABLE_REFLECTION_BUFFERS UNITY_USE_DITHER_MASK_FOR_ALPHABLENDED_SHADOWS UNITY_PBS_USE_BRDF1 UNITY_SPECCUBE_BOX_PROJECTION UNITY_SPECCUBE_BLENDING UNITY_ENABLE_DETAIL_NORMALMAP SHADER_API_DESKTOP UNITY_COLORSPACE_GAMMA UNITY_LIGHT_PROBE_PROXY_VOLUME UNITY_LIGHTMAP_FULL_HDR ok=1
Cmd: compileSnippet
  api=14 type=0 insize=1602 outsize=4937 kw=UNITY_PASS_FORWARDBASE DIRECTIONAL SHADOWS_SCREEN LIGHTPROBE_SH _NORMALMAP pd=UNITY_ENABLE_REFLECTION_BUFFERS UNITY_USE_DITHER_MASK_FOR_ALPHABLENDED_SHADOWS UNITY_PBS_USE_BRDF1 UNITY_SPECCUBE_BOX_PROJECTION UNITY_SPECCUBE_BLENDING UNITY_ENABLE_DETAIL_NORMALMAP SHADER_API_DESKTOP UNITY_COLORSPACE_GAMMA UNITY_LIGHT_PROBE_PROXY_VOLUME UNITY_LIGHTMAP_FULL_HDR ok=1
Cmd: initializeCompiler
Cmd: compileComputeKernel
  api=14 insize=7960 outsize=3022 ok=1
Cmd: compileComputeKernel
  api=14 insize=7960 outsize=3055 ok=1
Cmd: compileComputeKernel
  api=14 insize=7960 outsize=2998 ok=1
Cmd: translateComputeKernel
  api=14 insize=2761 outsize=3011 ok=1
Cmd: translateComputeKernel
  api=14 insize=4178 outsize=6112 ok=1
Cmd: compileComputeKernel
  api=14 insize=9919 outsize=2923 ok=1
Cmd: compileComputeKernel
  api=14 insize=9919 outsize=2955 ok=1
Cmd: compileComputeKernel
  api=14 insize=9919 outsize=2957 ok=1
Cmd: compileComputeKernel
  api=14 insize=9919 outsize=3102 ok=1
Cmd: translateComputeKernel
  api=14 insize=2927 outsize=4347 ok=1
Cmd: translateComputeKernel
  api=14 insize=3363 outsize=5139 ok=1
Cmd: translateComputeKernel
  api=14 insize=2952 outsize=4387 ok=1
Cmd: translateComputeKernel
  api=14 insize=3102 outsize=4638 ok=1
Cmd: compileComputeKernel
  api=14 insize=7959 outsize=2991 ok=1
Cmd: compileComputeKernel
  api=14 insize=7959 outsize=4090 ok=1
Cmd: translateComputeKernel
  api=14 insize=3420 outsize=4983 ok=1
Cmd: compileComputeKernel
  api=14 insize=49356 outsize=4718 ok=1
Cmd: compileComputeKernel
  api=14 insize=49356 outsize=3432 ok=1
Cmd: compileComputeKernel
  api=14 insize=49356 outsize=3772 ok=1
Cmd: compileComputeKernel
  api=14 insize=49356 outsize=3544 ok=1
Cmd: compileComputeKernel
  api=14 insize=49356 outsize=3067 ok=1
Cmd: compileComputeKernel
  api=14 insize=49356 outsize=3030 ok=1
Cmd: compileComputeKernel
  api=14 insize=49356 outsize=3425 ok=1
Cmd: compileComputeKernel
  api=14 insize=49356 outsize=3188 ok=1
Cmd: compileComputeKernel
  api=14 insize=49356 outsize=3054 ok=1
Cmd: compileComputeKernel
  api=14 insize=49356 outsize=3107 ok=1
Cmd: compileComputeKernel
  api=14 insize=49356 outsize=3727 ok=1
Cmd: compileComputeKernel
  api=14 insize=49356 outsize=3727 ok=1
Cmd: compileComputeKernel
  api=14 insize=49356 outsize=3761 ok=1
Cmd: compileComputeKernel
  api=14 insize=49356 outsize=3906 ok=1
Cmd: compileComputeKernel
  api=14 insize=49356 outsize=3137 ok=1
Cmd: compileComputeKernel
  api=14 insize=49356 outsize=3337 ok=1
Cmd: compileComputeKernel
  api=14 insize=49356 outsize=3523 ok=1
Cmd: translateComputeKernel
  api=14 insize=4941 outsize=6742 ok=1
Cmd: translateComputeKernel
  api=14 insize=3802 outsize=4237 ok=1
Cmd: translateComputeKernel
  api=14 insize=4209 outsize=5323 ok=1
Cmd: translateComputeKernel
  api=14 insize=3919 outsize=4539 ok=1
Cmd: translateComputeKernel
  api=14 insize=3576 outsize=3675 ok=1
Cmd: translateComputeKernel
  api=14 insize=3562 outsize=3646 ok=1
Cmd: translateComputeKernel
  api=14 insize=3883 outsize=4221 ok=1
Cmd: translateComputeKernel
  api=14 insize=3772 outsize=3978 ok=1
Cmd: translateComputeKernel
  api=14 insize=3667 outsize=3869 ok=1
Cmd: translateComputeKernel
  api=14 insize=3740 outsize=3924 ok=1
Cmd: translateComputeKernel
  api=14 insize=3563 outsize=3673 ok=1
Cmd: translateComputeKernel
  api=14 insize=3580 outsize=3695 ok=1
Cmd: translateComputeKernel
  api=14 insize=4173 outsize=5060 ok=1
Cmd: translateComputeKernel
  api=14 insize=4609 outsize=5852 ok=1
Cmd: translateComputeKernel
  api=14 insize=4201 outsize=5103 ok=1
Cmd: translateComputeKernel
  api=14 insize=4203 outsize=5106 ok=1
Cmd: translateComputeKernel
  api=14 insize=4348 outsize=5351 ok=1
Cmd: translateComputeKernel
  api=14 insize=3593 outsize=3796 ok=1
Cmd: translateComputeKernel
  api=14 insize=3646 outsize=3918 ok=1
Cmd: translateComputeKernel
  api=14 insize=5084 outsize=6825 ok=1
Cmd: compileComputeKernel
  api=14 insize=68835 outsize=8733 ok=1
Cmd: translateComputeKernel
  api=14 insize=13790 outsize=26742 ok=1
Cmd: compileComputeKernel
  api=14 insize=29386 outsize=2056 ok=1
Cmd: compileComputeKernel
  api=14 insize=29386 outsize=2153 ok=1
Cmd: compileComputeKernel
  api=14 insize=29386 outsize=2446 ok=1
Cmd: compileComputeKernel
  api=14 insize=29386 outsize=2286 ok=1
Cmd: compileComputeKernel
  api=14 insize=29386 outsize=1319 ok=1
Cmd: compileComputeKernel
  api=14 insize=29386 outsize=2244 ok=1
Cmd: compileComputeKernel
  api=14 insize=29386 outsize=2125 ok=1
Cmd: compileComputeKernel
  api=14 insize=29386 outsize=1205 ok=1
Cmd: compileComputeKernel
  api=14 insize=29386 outsize=2172 ok=1
Cmd: compileComputeKernel
  api=14 insize=29386 outsize=2207 ok=1
Cmd: compileComputeKernel
  api=14 insize=29386 outsize=2187 ok=1
Cmd: compileComputeKernel
  api=14 insize=29386 outsize=2640 ok=1
Cmd: compileComputeKernel
  api=14 insize=29386 outsize=2629 ok=1
Cmd: compileComputeKernel
  api=14 insize=29386 outsize=2918 ok=1
Cmd: compileComputeKernel
  api=14 insize=29386 outsize=2828 ok=1
Cmd: compileComputeKernel
  api=14 insize=29386 outsize=2754 ok=1
Cmd: compileComputeKernel
  api=14 insize=29386 outsize=2813 ok=1
Cmd: compileComputeKernel
  api=14 insize=29386 outsize=2667 ok=1
Cmd: compileComputeKernel
  api=14 insize=29386 outsize=2682 ok=1
Cmd: compileComputeKernel
  api=14 insize=29386 outsize=2632 ok=1
Cmd: compileComputeKernel
  api=14 insize=29386 outsize=2677 ok=1
Cmd: compileComputeKernel
  api=14 insize=29386 outsize=2735 ok=1
Cmd: translateComputeKernel
  api=14 insize=2308 outsize=2289 ok=1
Cmd: translateComputeKernel
  api=14 insize=2313 outsize=2297 ok=1
Cmd: translateComputeKernel
  api=14 insize=2607 outsize=2831 ok=1
Cmd: translateComputeKernel
  api=14 insize=2481 outsize=2494 ok=1
Cmd: translateComputeKernel
  api=14 insize=1572 outsize=1659 ok=1
Cmd: translateComputeKernel
  api=14 insize=1598 outsize=1648 ok=1
Cmd: translateComputeKernel
  api=14 insize=2598 outsize=2705 ok=1
Cmd: translateComputeKernel
  api=14 insize=1458 outsize=1512 ok=1
Cmd: translateComputeKernel
  api=14 insize=2272 outsize=2217 ok=1
Cmd: translateComputeKernel
  api=14 insize=2300 outsize=2254 ok=1
Cmd: translateComputeKernel
  api=14 insize=1481 outsize=1562 ok=1
Cmd: translateComputeKernel
  api=14 insize=2349 outsize=2355 ok=1
Cmd: translateComputeKernel
  api=14 insize=2853 outsize=3341 ok=1
Cmd: translateComputeKernel
  api=14 insize=2704 outsize=3005 ok=1
Cmd: translateComputeKernel
  api=14 insize=2957 outsize=3678 ok=1
Cmd: translateComputeKernel
  api=14 insize=2989 outsize=3728 ok=1
Cmd: translateComputeKernel
  api=14 insize=2892 outsize=3546 ok=1
Cmd: translateComputeKernel
  api=14 insize=2967 outsize=3537 ok=1
Cmd: translateComputeKernel
  api=14 insize=2798 outsize=3487 ok=1
Cmd: translateComputeKernel
  api=14 insize=2780 outsize=3450 ok=1
Cmd: translateComputeKernel
  api=14 insize=2816 outsize=3299 ok=1
Cmd: translateComputeKernel
  api=14 insize=2848 outsize=3514 ok=1
Cmd: translateComputeKernel
  api=14 insize=2860 outsize=3361 ok=1
Cmd: compileComputeKernel
  api=14 insize=45671 outsize=8584 ok=1
Cmd: compileComputeKernel
  api=14 insize=45671 outsize=4252 ok=1
Cmd: compileComputeKernel
  api=14 insize=45671 outsize=5617 ok=1
Cmd: compileComputeKernel
  api=14 insize=45671 outsize=13955 ok=1
Cmd: translateComputeKernel
  api=14 insize=14464 outsize=29894 ok=1
Cmd: compileComputeKernel
  api=14 insize=4103 outsize=2847 ok=1
Cmd: translateComputeKernel
  api=14 insize=2905 outsize=4002 ok=1

Quitting shader compiler process
